Removed Pin From Net: NetName=VCC5V Pin=C16-1
Removed Pin From Net: NetName=GND5V Pin=C16-2
Removed Pin From Net: NetName=VCC5V2 Pin=DCP1-1
Removed Pin From Net: NetName=GND5V2 Pin=DCP1-2
Removed Member From Class: ClassName=高压刺激电路 Member=DCP1
Added Component: Designator=dd(DCP010505DB(PDIP))
Added Component: Designator=R5(6-0805_M)
Added Pin To Net: NetName=VCC5V2 Pin=C16-1
Added Pin To Net: NetName=VCC5V Pin=C16-1
Added Pin To Net: NetName=GND5V2 Pin=C16-2
Added Pin To Net: NetName=GND5V Pin=C16-2
Added Pin To Net: NetName=VCC5V2 Pin=dd-1
Added Pin To Net: NetName=GND5V2 Pin=dd-2
Added Pin To Net: NetName=GND5V Pin=dd-5
Added Pin To Net: NetName=VCC5V Pin=dd-6
Added Pin To Net: NetName=VEE5V Pin=dd-7
Added Pin To Net: NetName=DGND Pin=R5-1
Added Pin To Net: NetName=GND5V1 Pin=R5-2
Added Member To Class: ClassName=高压刺激电路 Member=Component dd dcp
Added Member To Class: ClassName=U_ADC_USB Member=Component R5 Bead
Added Room: Name=U_ADC_USB
Added Room: Name=U_Li_Monitor
Added Room: Name=U_电源3
Added Room: Name=输出板
Added Room: Name=高压刺激电路
