Removed Pin From Net: NetName=GND5V2 Pin=C21-2
Removed Pin From Net: NetName=GND5V2 Pin=C22-2
Removed Pin From Net: NetName=GND5V2 Pin=C23-1
Removed Pin From Net: NetName=GND5V2 Pin=C24-1
Removed Pin From Net: NetName=GND5V2 Pin=C25-1
Removed Pin From Net: NetName=GND5V2 Pin=C27-2
Removed Pin From Net: NetName=GND5V2 Pin=C100-1
Removed Pin From Net: NetName=GND5V2 Pin=P1-30
Removed Pin From Net: NetName=DGND5V2 Pin=R5-1
Removed Pin From Net: NetName=GND5V2 Pin=R5-2
Removed Pin From Net: NetName=GND5V2 Pin=R20-1
Removed Pin From Net: NetName=GND5V2 Pin=U4-17
Removed Member From Class: ClassName=高压刺激电路 Member=R5
Added Component: Designator=R55(6-0805_M)
Added Pin To Net: NetName=DGND5V2 Pin=C21-2
Added Pin To Net: NetName=DGND5V2 Pin=C22-2
Added Pin To Net: NetName=DGND5V2 Pin=C23-1
Added Pin To Net: NetName=DGND5V2 Pin=C24-1
Added Pin To Net: NetName=DGND5V2 Pin=C25-1
Added Pin To Net: NetName=DGND5V2 Pin=C27-2
Added Pin To Net: NetName=DGND5V2 Pin=C100-1
Added Pin To Net: NetName=DGND5V2 Pin=P1-30
Added Pin To Net: NetName=DGND Pin=R5-1
Added Pin To Net: NetName=GND5V1 Pin=R5-2
Added Pin To Net: NetName=DGND5V2 Pin=R20-1
Added Pin To Net: NetName=DGND5V2 Pin=R55-1
Added Pin To Net: NetName=GND5V2 Pin=R55-2
Added Pin To Net: NetName=DGND5V2 Pin=U4-17
Added Member To Class: ClassName=高压刺激电路 Member=Component R55 0ohm
Added Room: Name=U_ADC_USB
Added Room: Name=U_Li_Monitor
Added Room: Name=U_电源3
Added Room: Name=输出板
Added Room: Name=高压刺激电路
